New log file opened at Sun Sep 25 08:21:12 BRT 2016 by 13434@thiago-Inspiron-3421
Taking next connection to: 36066
New client attempting to connect on port: 50124-36066
  Address = /127.0.1.1:36066
This client on port 50124 has uuid 583a302e-9fe9-448d-8536-3efd531ff8d2 configName activator humanReadableName Activator protocolVersion 3 featureTags Vector()
Connected Clients: activator-583a302e-9fe9-448d-8536-3efd531ff8d2
Taking next connection to: 36066
New client attempting to connect on port: 50126-36066
  Address = /127.0.1.1:36066
Handshake exception on socket: 50126
sbt.impl.ipc.HandshakeException: Unable to perform handshake
	at sbt.impl.ipc.Peer.handshake(IPC.scala:46)
	at sbt.impl.ipc.MultiClientServer.<init>(IPC.scala:150)
	at sbt.server.SbtServerSocketHandler$$anon$1.run(SbtServerSocketHandler.scala:43)
Caused by: java.io.EOFException
	at java.io.DataInputStream.readInt(DataInputStream.java:392)
	at sbt.impl.ipc.Peer.receive(IPC.scala:95)
	at sbt.impl.ipc.Peer.handshake(IPC.scala:49)
	... 2 more
Taking next connection to: 36066
New client attempting to connect on port: 50128-36066
  Address = /127.0.1.1:36066
This client on port 50128 has uuid 025a6988-0aca-465b-82be-835bd2788e73 configName activator humanReadableName Activator protocolVersion 3 featureTags Vector()
Connected Clients: activator-583a302e-9fe9-448d-8536-3efd531ff8d2, activator-025a6988-0aca-465b-82be-835bd2788e73
Taking next connection to: 36066
New client attempting to connect on port: 50134-36066
  Address = /127.0.1.1:36066
Handshake exception on socket: 50134
sbt.impl.ipc.HandshakeException: Unable to perform handshake
	at sbt.impl.ipc.Peer.handshake(IPC.scala:46)
	at sbt.impl.ipc.MultiClientServer.<init>(IPC.scala:150)
	at sbt.server.SbtServerSocketHandler$$anon$1.run(SbtServerSocketHandler.scala:43)
Caused by: java.io.EOFException
	at java.io.DataInputStream.readInt(DataInputStream.java:392)
	at sbt.impl.ipc.Peer.receive(IPC.scala:95)
	at sbt.impl.ipc.Peer.handshake(IPC.scala:49)
	... 2 more
Taking next connection to: 36066
New client attempting to connect on port: 50136-36066
  Address = /127.0.1.1:36066
This client on port 50136 has uuid c34f940c-fc45-4676-957f-6462f8358b19 configName play-fork-run humanReadableName Play Fork Run protocolVersion 1 featureTags Vector()
Connected Clients: activator-583a302e-9fe9-448d-8536-3efd531ff8d2, play-fork-run-c34f940c-fc45-4676-957f-6462f8358b19
Taking next connection to: 36066
Checking to see if clients are empty...
We have 1 non-daemon clients, continuing serving connections.
Taking next connection to: 36066
New client attempting to connect on port: 50212-36066
  Address = /127.0.1.1:36066
Handshake exception on socket: 50212
sbt.impl.ipc.HandshakeException: Unable to perform handshake
	at sbt.impl.ipc.Peer.handshake(IPC.scala:46)
	at sbt.impl.ipc.MultiClientServer.<init>(IPC.scala:150)
	at sbt.server.SbtServerSocketHandler$$anon$1.run(SbtServerSocketHandler.scala:43)
Caused by: java.io.EOFException
	at java.io.DataInputStream.readInt(DataInputStream.java:392)
	at sbt.impl.ipc.Peer.receive(IPC.scala:95)
	at sbt.impl.ipc.Peer.handshake(IPC.scala:49)
	... 2 more
Taking next connection to: 36066
New client attempting to connect on port: 50214-36066
  Address = /127.0.1.1:36066
This client on port 50214 has uuid ee0a7a0c-fa63-4ffe-8322-c511a03a5881 configName play-fork-run humanReadableName Play Fork Run protocolVersion 1 featureTags Vector()
Connected Clients: activator-583a302e-9fe9-448d-8536-3efd531ff8d2, play-fork-run-ee0a7a0c-fa63-4ffe-8322-c511a03a5881
Taking next connection to: 36066
New client attempting to connect on port: 50288-36066
  Address = /127.0.1.1:36066
Handshake exception on socket: 50288
sbt.impl.ipc.HandshakeException: Unable to perform handshake
	at sbt.impl.ipc.Peer.handshake(IPC.scala:46)
	at sbt.impl.ipc.MultiClientServer.<init>(IPC.scala:150)
	at sbt.server.SbtServerSocketHandler$$anon$1.run(SbtServerSocketHandler.scala:43)
Caused by: java.io.EOFException
	at java.io.DataInputStream.readInt(DataInputStream.java:392)
	at sbt.impl.ipc.Peer.receive(IPC.scala:95)
	at sbt.impl.ipc.Peer.handshake(IPC.scala:49)
	... 2 more
Taking next connection to: 36066
New client attempting to connect on port: 50290-36066
  Address = /127.0.1.1:36066
This client on port 50290 has uuid a0fe4b13-c56a-404c-8305-246435d98ea0 configName play-fork-run humanReadableName Play Fork Run protocolVersion 1 featureTags Vector()
Connected Clients: activator-583a302e-9fe9-448d-8536-3efd531ff8d2, play-fork-run-a0fe4b13-c56a-404c-8305-246435d98ea0
Taking next connection to: 36066
New client attempting to connect on port: 50292-36066
  Address = /127.0.1.1:36066
Handshake exception on socket: 50292
sbt.impl.ipc.HandshakeException: Unable to perform handshake
	at sbt.impl.ipc.Peer.handshake(IPC.scala:46)
	at sbt.impl.ipc.MultiClientServer.<init>(IPC.scala:150)
	at sbt.server.SbtServerSocketHandler$$anon$1.run(SbtServerSocketHandler.scala:43)
Caused by: java.io.EOFException
	at java.io.DataInputStream.readInt(DataInputStream.java:392)
	at sbt.impl.ipc.Peer.receive(IPC.scala:95)
	at sbt.impl.ipc.Peer.handshake(IPC.scala:49)
	... 2 more
Taking next connection to: 36066
New client attempting to connect on port: 50294-36066
  Address = /127.0.1.1:36066
This client on port 50294 has uuid 6f124d97-a484-4cad-b3bb-249a6f6daca4 configName play-fork-run humanReadableName Play Fork Run protocolVersion 1 featureTags Vector()
Connected Clients: activator-583a302e-9fe9-448d-8536-3efd531ff8d2, play-fork-run-a0fe4b13-c56a-404c-8305-246435d98ea0, play-fork-run-6f124d97-a484-4cad-b3bb-249a6f6daca4
Taking next connection to: 36066
New client attempting to connect on port: 50298-36066
  Address = /127.0.1.1:36066
Handshake exception on socket: 50298
sbt.impl.ipc.HandshakeException: Unable to perform handshake
	at sbt.impl.ipc.Peer.handshake(IPC.scala:46)
	at sbt.impl.ipc.MultiClientServer.<init>(IPC.scala:150)
	at sbt.server.SbtServerSocketHandler$$anon$1.run(SbtServerSocketHandler.scala:43)
Caused by: java.io.EOFException
	at java.io.DataInputStream.readInt(DataInputStream.java:392)
	at sbt.impl.ipc.Peer.receive(IPC.scala:95)
	at sbt.impl.ipc.Peer.handshake(IPC.scala:49)
	... 2 more
Taking next connection to: 36066
New client attempting to connect on port: 50300-36066
  Address = /127.0.1.1:36066
This client on port 50300 has uuid 9d2411bd-28e3-4c91-923d-15a15bf0c5ad configName play-fork-run humanReadableName Play Fork Run protocolVersion 1 featureTags Vector()
Connected Clients: activator-583a302e-9fe9-448d-8536-3efd531ff8d2, play-fork-run-a0fe4b13-c56a-404c-8305-246435d98ea0, play-fork-run-9d2411bd-28e3-4c91-923d-15a15bf0c5ad
Taking next connection to: 36066
Checking to see if clients are empty...
We have 2 non-daemon clients, continuing serving connections.
Taking next connection to: 36066
New client attempting to connect on port: 50358-36066
  Address = /127.0.1.1:36066
Handshake exception on socket: 50358
sbt.impl.ipc.HandshakeException: Unable to perform handshake
	at sbt.impl.ipc.Peer.handshake(IPC.scala:46)
	at sbt.impl.ipc.MultiClientServer.<init>(IPC.scala:150)
	at sbt.server.SbtServerSocketHandler$$anon$1.run(SbtServerSocketHandler.scala:43)
Caused by: java.io.EOFException
	at java.io.DataInputStream.readInt(DataInputStream.java:392)
	at sbt.impl.ipc.Peer.receive(IPC.scala:95)
	at sbt.impl.ipc.Peer.handshake(IPC.scala:49)
	... 2 more
Taking next connection to: 36066
New client attempting to connect on port: 50360-36066
  Address = /127.0.1.1:36066
This client on port 50360 has uuid 09268cf7-17b2-4e82-a0e0-7d4acb8b6bc2 configName play-fork-run humanReadableName Play Fork Run protocolVersion 1 featureTags Vector()
Connected Clients: activator-583a302e-9fe9-448d-8536-3efd531ff8d2, play-fork-run-a0fe4b13-c56a-404c-8305-246435d98ea0, play-fork-run-09268cf7-17b2-4e82-a0e0-7d4acb8b6bc2
Taking next connection to: 36066
Checking to see if clients are empty...
We have 2 non-daemon clients, continuing serving connections.
Taking next connection to: 36066
New client attempting to connect on port: 50400-36066
  Address = /127.0.1.1:36066
Handshake exception on socket: 50400
sbt.impl.ipc.HandshakeException: Unable to perform handshake
	at sbt.impl.ipc.Peer.handshake(IPC.scala:46)
	at sbt.impl.ipc.MultiClientServer.<init>(IPC.scala:150)
	at sbt.server.SbtServerSocketHandler$$anon$1.run(SbtServerSocketHandler.scala:43)
Caused by: java.io.EOFException
	at java.io.DataInputStream.readInt(DataInputStream.java:392)
	at sbt.impl.ipc.Peer.receive(IPC.scala:95)
	at sbt.impl.ipc.Peer.handshake(IPC.scala:49)
	... 2 more
Taking next connection to: 36066
New client attempting to connect on port: 50402-36066
  Address = /127.0.1.1:36066
This client on port 50402 has uuid 54ae74db-bc62-4c00-8847-b086fd01cbc7 configName play-fork-run humanReadableName Play Fork Run protocolVersion 1 featureTags Vector()
Connected Clients: activator-583a302e-9fe9-448d-8536-3efd531ff8d2, play-fork-run-a0fe4b13-c56a-404c-8305-246435d98ea0, play-fork-run-54ae74db-bc62-4c00-8847-b086fd01cbc7
Taking next connection to: 36066
Checking to see if clients are empty...
We have 2 non-daemon clients, continuing serving connections.
Taking next connection to: 36066
Checking to see if clients are empty...
We have 2 non-daemon clients, continuing serving connections.
Taking next connection to: 36066
Checking to see if clients are empty...
We have 2 non-daemon clients, continuing serving connections.
Taking next connection to: 36066
Checking to see if clients are empty...
We have 2 non-daemon clients, continuing serving connections.
Taking next connection to: 36066
Checking to see if clients are empty...
We have 2 non-daemon clients, continuing serving connections.
Taking next connection to: 36066
Checking to see if clients are empty...
We have 2 non-daemon clients, continuing serving connections.
Taking next connection to: 36066
Checking to see if clients are empty...
We have 2 non-daemon clients, continuing serving connections.
Taking next connection to: 36066
Checking to see if clients are empty...
We have 2 non-daemon clients, continuing serving connections.
Taking next connection to: 36066
Checking to see if clients are empty...
We have 2 non-daemon clients, continuing serving connections.
Taking next connection to: 36066
Checking to see if clients are empty...
We have 2 non-daemon clients, continuing serving connections.
Taking next connection to: 36066
Checking to see if clients are empty...
We have 2 non-daemon clients, continuing serving connections.
Taking next connection to: 36066
Checking to see if clients are empty...
We have 2 non-daemon clients, continuing serving connections.
Taking next connection to: 36066
Checking to see if clients are empty...
We have 2 non-daemon clients, continuing serving connections.
Taking next connection to: 36066
Checking to see if clients are empty...
We have 2 non-daemon clients, continuing serving connections.
Taking next connection to: 36066
Checking to see if clients are empty...
We have 2 non-daemon clients, continuing serving connections.
Taking next connection to: 36066
